<?xml version="1.0" encoding="UTF-8"?>
<!-- Generated by org.testng.reporters.JUnitReportReporter -->
<testsuite hostname="Yutakas-MacBook-Air.local" name="core.MainPageTest" tests="3" failures="0" timestamp="21 Jan 2016 19:45:22 GMT" time="0.015" errors="0">
  <testcase name="stringConcatenate" time="0.014" classname="core.MainPageTest"/>
  <testcase name="sumFloat" time="0.001" classname="core.MainPageTest"/>
  <testcase name="sumInt" time="0.000" classname="core.MainPageTest"/>
</testsuite> <!-- core.MainPageTest -->
